<?xml version="1.0" encoding="UTF-8"?>
<testsuite xmlns:xsi="http://www.w3.org/2001/XMLSchema-instance" xsi:noNamespaceSchemaLocation="https://maven.apache.org/surefire/maven-surefire-plugin/xsd/surefire-test-report-3.0.xsd" version="3.0" name="com.publicacion.publicacion.controllers.ComentarioControllerTest" time="4.062" tests="1" errors="0" skipped="0" failures="0">
  <properties>
[...]
</properties>
  <testcase name="testAddComentarioToPublicacion" classname="com.publicacion.publicacion.controllers.ComentarioControllerTest" time="0.502">
    <system-out><![CDATA[01:23:31.796 [main] INFO org.springframework.test.context.support.AnnotationConfigContextLoaderUtils -- Could not detect default configuration classes for test class [com.publicacion.publicacion.controllers.ComentarioControllerTest]: ComentarioControllerTest does not declare any static, non-private, non-final, nested classes annotated with @Configuration.
01:23:31.939 [main] INFO org.springframework.boot.test.context.SpringBootTestContextBootstrapper -- Found @SpringBootConfiguration com.publicacion.publicacion.PublicacionApplication for test class com.publicacion.publicacion.controllers.ComentarioControllerTest
01:23:32.034 [main] INFO org.springframework.boot.devtools.restart.RestartApplicationListener -- Restart disabled due to context in which it is running

  .   ____          _            __ _ _
 /\\ / ___'_ __ _ _(_)_ __  __ _ \ \ \ \
( ( )\___ | '_ | '_| | '_ \/ _` | \ \ \ \
 \\/  ___)| |_)| | | | | || (_| |  ) ) ) )
  '  |____| .__|_| |_|_| |_\__, | / / / /
 =========|_|==============|___/=/_/_/_/
 :: Spring Boot ::                (v3.2.5)

2024-04-30T01:23:32.341-04:00  INFO 17372 --- [publicacion] [           main] c.p.p.c.ComentarioControllerTest         : Starting ComentarioControllerTest using Java 21.0.2 with PID 17372 (started by equip in C:\fullstack1\publicacion)
2024-04-30T01:23:32.342-04:00  INFO 17372 --- [publicacion] [           main] c.p.p.c.ComentarioControllerTest         : No active profile set, falling back to 1 default profile: "default"
2024-04-30T01:23:32.343-04:00 DEBUG 17372 --- [publicacion] [           main] o.s.boot.SpringApplication               : Loading source class com.publicacion.publicacion.PublicacionApplication
2024-04-30T01:23:32.359-04:00 DEBUG 17372 --- [publicacion] [           main] o.s.w.c.s.GenericWebApplicationContext   : Refreshing org.springframework.web.context.support.GenericWebApplicationContext@2ba45490
2024-04-30T01:23:32.379-04:00 DEBUG 17372 --- [publicacion] [           main] o.s.b.f.s.DefaultListableBeanFactory     : Creating shared instance of singleton bean 'org.springframework.context.annotation.internalConfigurationAnnotationProcessor'
2024-04-30T01:23:32.404-04:00 DEBUG 17372 --- [publicacion] [           main] o.s.b.f.s.DefaultListableBeanFactory     : Creating shared instance of singleton bean 'org.springframework.boot.autoconfigure.internalCachingMetadataReaderFactory'
2024-04-30T01:23:32.467-04:00 DEBUG 17372 --- [publicacion] [           main] o.s.c.a.ClassPathBeanDefinitionScanner   : Identified candidate component class: file [C:\fullstack1\publicacion\target\classes\com\publicacion\publicacion\controllers\ComentarioController.class]
2024-04-30T01:23:32.857-04:00 DEBUG 17372 --- [publicacion] [           main] o.s.b.f.s.DefaultListableBeanFactory     : Creating shared instance of singleton bean 'org.springframework.boot.test.context.ImportsContextCustomizer$ImportsCleanupPostProcessor'
2024-04-30T01:23:32.918-04:00 DEBUG 17372 --- [publicacion] [           main] o.s.b.f.s.DefaultListableBeanFactory     : Creating shared instance of singleton bean 'org.springframework.boot.test.mock.mockito.MockitoPostProcessor'
2024-04-30T01:23:34.272-04:00 DEBUG 17372 --- [publicacion] [           main] o.s.b.f.s.DefaultListableBeanFactory     : Creating shared instance of singleton bean 'org.springframework.context.event.internalEventListenerProcessor'
2024-04-30T01:23:34.276-04:00 DEBUG 17372 --- [publicacion] [           main] o.s.b.f.s.DefaultListableBeanFactory     : Creating shared instance of singleton bean 'preserveErrorControllerTargetClassPostProcessor'
2024-04-30T01:23:34.277-04:00 DEBUG 17372 --- [publicacion] [           main] o.s.b.f.s.DefaultListableBeanFactory     : Creating shared instance of singleton bean 'org.springframework.context.event.internalEventListenerFactory'
2024-04-30T01:23:34.283-04:00 DEBUG 17372 --- [publicacion] [           main] o.s.b.f.s.DefaultListableBeanFactory     : Creating shared instance of singleton bean 'org.springframework.context.annotation.internalAutowiredAnnotationProcessor'
2024-04-30T01:23:34.288-04:00 DEBUG 17372 --- [publicacion] [           main] o.s.b.f.s.DefaultListableBeanFactory     : Creating shared instance of singleton bean 'org.springframework.context.annotation.internalCommonAnnotationProcessor'
2024-04-30T01:23:34.293-04:00 DEBUG 17372 --- [publicacion] [           main] o.s.b.f.s.DefaultListableBeanFactory     : Creating shared instance of singleton bean 'org.springframework.context.annotation.internalPersistenceAnnotationProcessor'
2024-04-30T01:23:34.293-04:00 DEBUG 17372 --- [publicacion] [           main] o.s.b.f.s.DefaultListableBeanFactory     : Creating shared instance of singleton bean 'org.springframework.boot.test.mock.mockito.MockitoPostProcessor$SpyPostProcessor'
2024-04-30T01:23:34.294-04:00 DEBUG 17372 --- [publicacion] [           main] o.s.b.f.s.DefaultListableBeanFactory     : Creating shared instance of singleton bean 'org.springframework.boot.context.properties.ConfigurationPropertiesBindingPostProcessor'
2024-04-30T01:23:34.295-04:00 DEBUG 17372 --- [publicacion] [           main] o.s.b.f.s.DefaultListableBeanFactory     : Creating shared instance of singleton bean 'org.springframework.boot.context.internalConfigurationPropertiesBinder'
2024-04-30T01:23:34.300-04:00 DEBUG 17372 --- [publicacion] [           main] o.s.b.f.s.DefaultListableBeanFactory     : Creating shared instance of singleton bean 'projectingArgumentResolverBeanPostProcessor'
2024-04-30T01:23:34.330-04:00 DEBUG 17372 --- [publicacion] [           main] o.s.b.f.s.DefaultListableBeanFactory     : Creating shared instance of singleton bean 'hypermediaRepresentionModelProcessorConfigurator'
2024-04-30T01:23:34.332-04:00 DEBUG 17372 --- [publicacion] [           main] o.s.b.f.s.DefaultListableBeanFactory     : Creating shared instance of singleton bean 'hypermediaRestTemplateBeanPostProcessor'
2024-04-30T01:23:34.336-04:00 DEBUG 17372 --- [publicacion] [           main] o.s.u.c.s.UiApplicationContextUtils      : Unable to locate ThemeSource with name 'themeSource': using default [org.springframework.ui.context.support.ResourceBundleThemeSource@3a3f96ab]
2024-04-30T01:23:34.338-04:00 DEBUG 17372 --- [publicacion] [           main] o.s.b.f.s.DefaultListableBeanFactory     : Creating shared instance of singleton bean 'publicacionApplication'
2024-04-30T01:23:34.341-04:00 DEBUG 17372 --- [publicacion] [           main] o.s.b.f.s.DefaultListableBeanFactory     : Creating shared instance of singleton bean 'comentarioController'
2024-04-30T01:23:34.360-04:00 DEBUG 17372 --- [publicacion] [           main] o.s.b.f.s.DefaultListableBeanFactory     : Creating shared instance of singleton bean 'org.springframework.boot.autoconfigure.AutoConfigurationPackages'
2024-04-30T01:23:34.361-04:00 DEBUG 17372 --- [publicacion] [           main] o.s.b.f.s.DefaultListableBeanFactory     : Creating shared instance of singleton bean 'org.springframework.boot.autoconfigure.task.TaskExecutorConfigurations$ThreadPoolTaskExecutorBuilderConfiguration'
2024-04-30T01:23:34.362-04:00 DEBUG 17372 --- [publicacion] [           main] o.s.b.f.s.DefaultListableBeanFactory     : Creating shared instance of singleton bean 'threadPoolTaskExecutorBuilder'
2024-04-30T01:23:34.366-04:00 DEBUG 17372 --- [publicacion] [           main] o.s.b.f.s.DefaultListableBeanFactory     : Creating shared instance of singleton bean 'spring.task.execution-org.springframework.boot.autoconfigure.task.TaskExecutionProperties'
2024-04-30T01:23:34.370-04:00 DEBUG 17372 --- [publicacion] [           main] o.s.b.f.s.DefaultListableBeanFactory     : Creating shared instance of singleton bean 'org.springframework.boot.context.properties.BoundConfigurationProperties'
2024-04-30T01:23:34.397-04:00 DEBUG 17372 --- [publicacion] [           main] o.s.b.f.s.DefaultListableBeanFactory     : Autowiring by type from bean name 'threadPoolTaskExecutorBuilder' via factory method to bean named 'spring.task.execution-org.springframework.boot.autoconfigure.task.TaskExecutionProperties'
2024-04-30T01:23:34.404-04:00 DEBUG 17372 --- [publicacion] [           main] o.s.b.f.s.DefaultListableBeanFactory     : Creating shared instance of singleton bean 'org.springframework.boot.autoconfigure.task.TaskExecutorConfigurations$TaskExecutorBuilderConfiguration'
2024-04-30T01:23:34.405-04:00 DEBUG 17372 --- [publicacion] [           main] o.s.b.f.s.DefaultListableBeanFactory     : Creating shared instance of singleton bean 'taskExecutorBuilder'
2024-04-30T01:23:34.406-04:00 DEBUG 17372 --- [publicacion] [           main] o.s.b.f.s.DefaultListableBeanFactory     : Autowiring by type from bean name 'taskExecutorBuilder' via factory method to bean named 'spring.task.execution-org.springframework.boot.autoconfigure.task.TaskExecutionProperties'
2024-04-30T01:23:34.409-04:00 DEBUG 17372 --- [publicacion] [           main] o.s.b.f.s.DefaultListableBeanFactory     : Creating shared instance of singleton bean 'org.springframework.boot.autoconfigure.task.TaskExecutorConfigurations$SimpleAsyncTaskExecutorBuilderConfiguration'
2024-04-30T01:23:34.411-04:00 DEBUG 17372 --- [publicacion] [           main] o.s.b.f.s.DefaultListableBeanFactory     : Autowiring by type from bean name 'org.springframework.boot.autoconfigure.task.TaskExecutorConfigurations$SimpleAsyncTaskExecutorBuilderConfiguration' via constructor to bean named 'spring.task.execution-org.springframework.boot.autoconfigure.task.TaskExecutionProperties'
2024-04-30T01:23:34.413-04:00 DEBUG 17372 --- [publicacion] [           main] o.s.b.f.s.DefaultListableBeanFactory     : Creating shared instance of singleton bean 'simpleAsyncTaskExecutorBuilder'
2024-04-30T01:23:34.416-04:00 DEBUG 17372 --- [publicacion] [           main] o.s.b.f.s.DefaultListableBeanFactory     : Creating shared instance of singleton bean 'org.springframework.boot.autoconfigure.task.TaskExecutorConfigurations$TaskExecutorConfiguration'
2024-04-30T01:23:34.417-04:00 DEBUG 17372 --- [publicacion] [           main] o.s.b.f.s.DefaultListableBeanFactory     : Creating shared instance of singleton bean 'org.springframework.boot.autoconfigure.task.TaskExecutionAutoConfiguration'
2024-04-30T01:23:34.418-04:00 DEBUG 17372 --- [publicacion] [           main] o.s.b.f.s.DefaultListableBeanFactory     : Creating shared instance of singleton bean 'org.springframework.boot.context.properties.EnableConfigurationPropertiesRegistrar.methodValidationExcludeFilter'
2024-04-30T01:23:34.423-04:00 DEBUG 17372 --- [publicacion] [           main] o.s.b.f.s.DefaultListableBeanFactory     : Creating shared instance of singleton bean 'org.springframework.boot.autoconfigure.web.servlet.error.ErrorMvcAutoConfiguration$WhitelabelErrorViewConfiguration'
2024-04-30T01:23:34.424-04:00 DEBUG 17372 --- [publicacion] [           main] o.s.b.f.s.DefaultListableBeanFactory     : Creating shared instance of singleton bean 'error'
2024-04-30T01:23:34.425-04:00 DEBUG 17372 --- [publicacion] [           main] o.s.b.f.s.DefaultListableBeanFactory     : Creating shared instance of singleton bean 'beanNameViewResolver'
2024-04-30T01:23:34.428-04:00 DEBUG 17372 --- [publicacion] [           main] o.s.b.f.s.DefaultListableBeanFactory     : Creating shared instance of singleton bean 'org.springframework.boot.autoconfigure.web.servlet.error.ErrorMvcAutoConfiguration$DefaultErrorViewResolverConfiguration'
2024-04-30T01:23:34.430-04:00 DEBUG 17372 --- [publicacion] [           main] o.s.b.f.s.DefaultListableBeanFactory     : Creating shared instance of singleton bean 'spring.web-org.springframework.boot.autoconfigure.web.WebProperties'
2024-04-30T01:23:34.435-04:00 DEBUG 17372 --- [publicacion] [           main] o.s.b.f.s.DefaultListableBeanFactory     : Autowiring by type from bean name 'org.springframework.boot.autoconfigure.web.servlet.error.ErrorMvcAutoConfiguration$DefaultErrorViewResolverConfiguration' via constructor to bean named 'org.springframework.web.context.support.GenericWebApplicationContext@2ba45490'
2024-04-30T01:23:34.435-04:00 DEBUG 17372 --- [publicacion] [           main] o.s.b.f.s.DefaultListableBeanFactory     : Autowiring by type from bean name 'org.springframework.boot.autoconfigure.web.servlet.error.ErrorMvcAutoConfiguration$DefaultErrorViewResolverConfiguration' via constructor to bean named 'spring.web-org.springframework.boot.autoconfigure.web.WebProperties'
2024-04-30T01:23:34.436-04:00 DEBUG 17372 --- [publicacion] [           main] o.s.b.f.s.DefaultListableBeanFactory     : Creating shared instance of singleton bean 'spring.mvc-org.springframework.boot.autoconfigure.web.servlet.WebMvcProperties'
2024-04-30T01:23:34.441-04:00 DEBUG 17372 --- [publicacion] [           main] o.s.b.f.s.DefaultListableBeanFactory     : Creating shared instance of singleton bean 'org.springframework.boot.autoconfigure.web.servlet.error.ErrorMvcAutoConfiguration'
2024-04-30T01:23:34.441-04:00 DEBUG 17372 --- [publicacion] [           main] o.s.b.f.s.DefaultListableBeanFactory     : Creating shared instance of singleton bean 'server-org.springframework.boot.autoconfigure.web.ServerProperties'
2024-04-30T01:23:34.472-04:00 DEBUG 17372 --- [publicacion] [           main] o.s.b.f.s.DefaultListableBeanFactory     : Autowiring by type from bean name 'org.springframework.boot.autoconfigure.web.servlet.error.ErrorMvcAutoConfiguration' via constructor to bean named 'server-org.springframework.boot.autoconfigure.web.ServerProperties'
2024-04-30T01:23:34.474-04:00 DEBUG 17372 --- [publicacion] [           main] o.s.b.f.s.DefaultListableBeanFactory     : Creating shared instance of singleton bean 'errorAttributes'
2024-04-30T01:23:34.479-04:00 DEBUG 17372 --- [publicacion] [           main] o.s.b.f.s.DefaultListableBeanFactory     : Creating shared instance of singleton bean 'basicErrorController'
2024-04-30T01:23:34.480-04:00 DEBUG 17372 --- [publicacion] [           main] o.s.b.f.s.DefaultListableBeanFactory     : Autowiring by type from bean name 'basicErrorController' via factory method to bean named 'errorAttributes'
2024-04-30T01:23:34.485-04:00 DEBUG 17372 --- [publicacion] [           main] o.s.b.f.s.DefaultListableBeanFactory     : Creating shared instance of singleton bean 'errorPageCustomizer'
2024-04-30T01:23:34.486-04:00 DEBUG 17372 --- [publicacion] [           main] o.s.b.f.s.DefaultListableBeanFactory     : Creating shared instance of singleton bean 'dispatcherServletPath'
2024-04-30T01:23:34.486-04:00 DEBUG 17372 --- [publicacion] [           main] o.s.b.f.s.DefaultListableBeanFactory     : Creating shared instance of singleton bean 'org.springframework.boot.test.autoconfigure.web.servlet.MockMvcAutoConfiguration'
2024-04-30T01:23:34.487-04:00 DEBUG 17372 --- [publicacion] [           main] o.s.b.f.s.DefaultListableBeanFactory     : Autowiring by type from bean name 'org.springframework.boot.test.autoconfigure.web.servlet.MockMvcAutoConfiguration' via constructor to bean named 'org.springframework.web.context.support.GenericWebApplicationContext@2ba45490'
2024-04-30T01:23:34.487-04:00 DEBUG 17372 --- [publicacion] [           main] o.s.b.f.s.DefaultListableBeanFactory     : Autowiring by type from bean name 'org.springframework.boot.test.autoconfigure.web.servlet.MockMvcAutoConfiguration' via constructor to bean named 'spring.mvc-org.springframework.boot.autoconfigure.web.servlet.WebMvcProperties'
2024-04-30T01:23:34.489-04:00 DEBUG 17372 --- [publicacion] [           main] o.s.b.f.s.DefaultListableBeanFactory     : Autowiring by type from bean name 'errorPageCustomizer' via factory method to bean named 'dispatcherServletPath'
2024-04-30T01:23:34.490-04:00 DEBUG 17372 --- [publicacion] [           main] o.s.b.f.s.DefaultListableBeanFactory     : Creating shared instance of singleton bean 'org.springframework.boot.autoconfigure.web.servlet.WebMvcAutoConfiguration$EnableWebMvcConfiguration'
2024-04-30T01:23:34.492-04:00 DEBUG 17372 --- [publicacion] [           main] o.s.b.f.s.DefaultListableBeanFactory     : Autowiring by type from bean name 'org.springframework.boot.autoconfigure.web.servlet.WebMvcAutoConfiguration$EnableWebMvcConfiguration' via constructor to bean named 'spring.mvc-org.springframework.boot.autoconfigure.web.servlet.WebMvcProperties'
2024-04-30T01:23:34.492-04:00 DEBUG 17372 --- [publicacion] [           main] o.s.b.f.s.DefaultListableBeanFactory     : Autowiring by type from bean name 'org.springframework.boot.autoconfigure.web.servlet.WebMvcAutoConfiguration$EnableWebMvcConfiguration' via constructor to bean named 'spring.web-org.springframework.boot.autoconfigure.web.WebProperties'
2024-04-30T01:23:34.492-04:00 DEBUG 17372 --- [publicacion] [           main] o.s.b.f.s.DefaultListableBeanFactory     : Autowiring by type from bean name 'org.springframework.boot.autoconfigure.web.servlet.WebMvcAutoConfiguration$EnableWebMvcConfiguration' via constructor to bean named 'org.springframework.beans.factory.support.DefaultListableBeanFactory@286b39c2'
2024-04-30T01:23:34.510-04:00 DEBUG 17372 --- [publicacion] [           main] o.s.b.f.s.DefaultListableBeanFactory     : Creating shared instance of singleton bean 'org.springframework.boot.autoconfigure.web.servlet.WebMvcAutoConfiguration$WebMvcAutoConfigurationAdapter'
2024-04-30T01:23:34.512-04:00 DEBUG 17372 --- [publicacion] [           main] o.s.b.f.s.DefaultListableBeanFactory     : Autowiring by type from bean name 'org.springframework.boot.autoconfigure.web.servlet.WebMvcAutoConfiguration$WebMvcAutoConfigurationAdapter' via constructor to bean named 'spring.web-org.springframework.boot.autoconfigure.web.WebProperties'
2024-04-30T01:23:34.513-04:00 DEBUG 17372 --- [publicacion] [           main] o.s.b.f.s.DefaultListableBeanFactory     : Autowiring by type from bean name 'org.springframework.boot.autoconfigure.web.servlet.WebMvcAutoConfiguration$WebMvcAutoConfigurationAdapter' via constructor to bean named 'spring.mvc-org.springframework.boot.autoconfigure.web.servlet.WebMvcProperties'
2024-04-30T01:23:34.513-04:00 DEBUG 17372 --- [publicacion] [           main] o.s.b.f.s.DefaultListableBeanFactory     : Autowiring by type from bean name 'org.springframework.boot.autoconfigure.web.servlet.WebMvcAutoConfiguration$WebMvcAutoConfigurationAdapter' via constructor to bean named 'org.springframework.beans.factory.support.DefaultListableBeanFactory@286b39c2'
2024-04-30T01:23:34.516-04:00 DEBUG 17372 --- [publicacion] [           main] o.s.b.f.s.DefaultListableBeanFactory     : Creating shared instance of singleton bean 'org.springframework.data.web.config.HateoasAwareSpringDataWebConfiguration'
2024-04-30T01:23:34.517-04:00 DEBUG 17372 --- [publicacion] [           main] o.s.b.f.s.DefaultListableBeanFactory     : Autowiring by type from bean name 'org.springframework.data.web.config.HateoasAwareSpringDataWebConfiguration' via constructor to bean named 'org.springframework.web.context.support.GenericWebApplicationContext@2ba45490'
2024-04-30T01:23:34.522-04:00 DEBUG 17372 --- [publicacion] [           main] o.s.b.f.s.DefaultListableBeanFactory     : Creating shared instance of singleton bean 'hypermediaWebMvcConfigurer'
2024-04-30T01:23:34.522-04:00 DEBUG 17372 --- [publicacion] [           main] o.s.b.f.s.DefaultListableBeanFactory     : Creating shared instance of singleton bean 'org.springframework.hateoas.config.WebMvcHateoasConfiguration'
2024-04-30T01:23:34.524-04:00 DEBUG 17372 --- [publicacion] [           main] o.s.b.f.s.DefaultListableBeanFactory     : Creating shared instance of singleton bean 'hypermediaWebMvcConverters'
2024-04-30T01:23:34.524-04:00 DEBUG 17372 --- [publicacion] [           main] o.s.b.f.s.DefaultListableBeanFactory     : Creating shared instance of singleton bean 'org.springframework.hateoas.config.HateoasConfiguration'
2024-04-30T01:23:34.526-04:00 DEBUG 17372 --- [publicacion] [           main] o.s.b.f.s.DefaultListableBeanFactory     : Creating shared instance of singleton bean 'org.springframework.hateoas.mediatype.hal.HalMediaTypeConfiguration'
2024-04-30T01:23:34.528-04:00 DEBUG 17372 --- [publicacion] [           main] o.s.b.f.s.DefaultListableBeanFactory     : Creating shared instance of singleton bean '_relProvider'
2024-04-30T01:23:34.532-04:00 DEBUG 17372 --- [publicacion] [           main] o.s.b.f.s.DefaultListableBeanFactory     : Creating shared instance of singleton bean 'relProviderPluginRegistry'
2024-04-30T01:23:34.532-04:00 DEBUG 17372 --- [publicacion] [           main] o.s.b.f.s.DefaultListableBeanFactory     : Autowiring by type from bean name 'relProviderPluginRegistry' via factory method to bean named 'org.springframework.web.context.support.GenericWebApplicationContext@2ba45490'
2024-04-30T01:23:34.552-04:00 DEBUG 17372 --- [publicacion] [           main] o.s.b.f.s.DefaultListableBeanFactory     : Autowiring by type from bean name '_relProvider' via factory method to bean named 'relProviderPluginRegistry'
2024-04-30T01:23:34.561-04:00 DEBUG 17372 --- [publicacion] [           main] o.s.b.f.s.DefaultListableBeanFactory     : Creating shared instance of singleton bean 'messageResolver'
2024-04-30T01:23:34.569-04:00 DEBUG 17372 --- [publicacion] [           main] o.s.b.f.s.DefaultListableBeanFactory     : Autowiring by type from bean name 'org.springframework.hateoas.mediatype.hal.HalMediaTypeConfiguration' via constructor to bean named '_relProvider'
2024-04-30T01:23:34.569-04:00 DEBUG 17372 --- [publicacion] [           main] o.s.b.f.s.DefaultListableBeanFactory     : Autowiring by type from bean name 'org.springframework.hateoas.mediatype.hal.HalMediaTypeConfiguration' via constructor to bean named 'messageResolver'
2024-04-30T01:23:34.569-04:00 DEBUG 17372 --- [publicacion] [           main] o.s.b.f.s.DefaultListableBeanFactory     : Autowiring by type from bean name 'org.springframework.hateoas.mediatype.hal.HalMediaTypeConfiguration' via constructor to bean named 'org.springframework.beans.factory.support.DefaultListableBeanFactory@286b39c2'
2024-04-30T01:23:34.574-04:00 DEBUG 17372 --- [publicacion] [           main] o.s.b.f.s.DefaultListableBeanFactory     : Autowiring by type from bean name 'hypermediaWebMvcConverters' via factory method to bean named 'org.springframework.hateoas.mediatype.hal.HalMediaTypeConfiguration'
2024-04-30T01:23:34.578-04:00 DEBUG 17372 --- [publicacion] [           main] o.s.b.f.s.DefaultListableBeanFactory     : Creating shared instance of singleton bean 'jacksonObjectMapper'
2024-04-30T01:23:34.578-04:00 DEBUG 17372 --- [publicacion] [           main] o.s.b.f.s.DefaultListableBeanFactory     : Creating shared instance of singleton bean 'org.springframework.boot.autoconfigure.jackson.JacksonAutoConfiguration$JacksonObjectMapperConfiguration'
2024-04-30T01:23:34.580-04:00 DEBUG 17372 --- [publicacion] [           main] o.s.b.f.s.DefaultListableBeanFactory     : Creating shared instance of singleton bean 'org.springframework.boot.autoconfigure.jackson.JacksonAutoConfiguration$JacksonObjectMapperBuilderConfiguration'
2024-04-30T01:23:34.584-04:00 DEBUG 17372 --- [publicacion] [           main] o.s.b.f.s.DefaultListableBeanFactory     : Creating shared instance of singleton bean 'standardJacksonObjectMapperBuilderCustomizer'
2024-04-30T01:23:34.585-04:00 DEBUG 17372 --- [publicacion] [           main] o.s.b.f.s.DefaultListableBeanFactory     : Creating shared instance of singleton bean 'org.springframework.boot.autoconfigure.jackson.JacksonAutoConfiguration$Jackson2ObjectMapperBuilderCustomizerConfiguration'
2024-04-30T01:23:34.587-04:00 DEBUG 17372 --- [publicacion] [           main] o.s.b.f.s.DefaultListableBeanFactory     : Creating shared instance of singleton bean 'spring.jackson-org.springframework.boot.autoconfigure.jackson.JacksonProperties'
2024-04-30T01:23:34.597-04:00 DEBUG 17372 --- [publicacion] [           main] o.s.b.f.s.DefaultListableBeanFactory     : Autowiring by type from bean name 'standardJacksonObjectMapperBuilderCustomizer' via factory method to bean named 'spring.jackson-org.springframework.boot.autoconfigure.jackson.JacksonProperties'
2024-04-30T01:23:34.600-04:00 DEBUG 17372 --- [publicacion] [           main] o.s.b.f.s.DefaultListableBeanFactory     : Creating shared instance of singleton bean 'parameterNamesModule'
2024-04-30T01:23:34.600-04:00 DEBUG 17372 --- [publicacion] [           main] o.s.b.f.s.DefaultListableBeanFactory     : Creating shared instance of singleton bean 'org.springframework.boot.autoconfigure.jackson.JacksonAutoConfiguration$ParameterNamesModuleConfiguration'
2024-04-30T01:23:34.604-04:00 DEBUG 17372 --- [publicacion] [           main] o.s.b.f.s.DefaultListableBeanFactory     : Creating shared instance of singleton bean 'jsonMixinModule'
2024-04-30T01:23:34.605-04:00 DEBUG 17372 --- [publicacion] [           main] o.s.b.f.s.DefaultListableBeanFactory     : Creating shared instance of singleton bean 'org.springframework.boot.autoconfigure.jackson.JacksonAutoConfiguration$JacksonMixinConfiguration'
2024-04-30T01:23:34.607-04:00 DEBUG 17372 --- [publicacion] [           main] o.s.b.f.s.DefaultListableBeanFactory     : Creating shared instance of singleton bean 'jsonMixinModuleEntries'
2024-04-30T01:23:34.608-04:00 DEBUG 17372 --- [publicacion] [           main] o.s.b.f.s.DefaultListableBeanFactory     : Autowiring by type from bean name 'jsonMixinModuleEntries' via factory method to bean named 'org.springframework.web.context.support.GenericWebApplicationContext@2ba45490'
2024-04-30T01:23:34.609-04:00 DEBUG 17372 --- [publicacion] [           main] o.s.b.a.AutoConfigurationPackages        : @EnableAutoConfiguration was declared on a class in the package 'com.publicacion.publicacion'. Automatic @Repository and @Entity scanning is enabled.
2024-04-30T01:23:34.618-04:00 DEBUG 17372 --- [publicacion] [           main] o.s.b.f.s.DefaultListableBeanFactory     : Autowiring by type from bean name 'jsonMixinModule' via factory method to bean named 'org.springframework.web.context.support.GenericWebApplicationContext@2ba45490'
2024-04-30T01:23:34.618-04:00 DEBUG 17372 --- [publicacion] [           main] o.s.b.f.s.DefaultListableBeanFactory     : Autowiring by type from bean name 'jsonMixinModule' via factory method to bean named 'jsonMixinModuleEntries'
2024-04-30T01:23:34.621-04:00 DEBUG 17372 --- [publicacion] [           main] o.s.b.f.s.DefaultListableBeanFactory     : Creating shared instance of singleton bean 'jsonComponentModule'
2024-04-30T01:23:34.621-04:00 DEBUG 17372 --- [publicacion] [           main] o.s.b.f.s.DefaultListableBeanFactory     : Creating shared instance of singleton bean 'org.springframework.boot.autoconfigure.jackson.JacksonAutoConfiguration'
2024-04-30T01:23:34.625-04:00 DEBUG 17372 --- [publicacion] [           main] o.s.b.f.s.DefaultListableBeanFactory     : Creating shared instance of singleton bean 'jacksonGeoModule'
2024-04-30T01:23:34.626-04:00 DEBUG 17372 --- [publicacion] [           main] o.s.b.f.s.DefaultListableBeanFactory     : Creating shared instance of singleton bean 'org.springframework.data.web.config.SpringDataJacksonConfiguration'
2024-04-30T01:23:34.630-04:00 DEBUG 17372 --- [publicacion] [           main] o.s.b.f.s.DefaultListableBeanFactory     : Creating shared instance of singleton bean 'pageModule'
2024-04-30T01:23:34.632-04:00 DEBUG 17372 --- [publicacion] [           main] o.s.b.f.s.DefaultListableBeanFactory     : Autowiring by type from bean name 'jacksonObjectMapperBuilder' via factory method to bean named 'org.springframework.web.context.support.GenericWebApplicationContext@2ba45490'
2024-04-30T01:23:34.632-04:00 DEBUG 17372 --- [publicacion] [           main] o.s.b.f.s.DefaultListableBeanFactory     : Autowiring by type from bean name 'jacksonObjectMapperBuilder' via factory method to bean named 'standardJacksonObjectMapperBuilderCustomizer'
2024-04-30T01:23:34.634-04:00 DEBUG 17372 --- [publicacion] [           main] o.s.b.f.s.DefaultListableBeanFactory     : Autowiring by type from bean name 'jacksonObjectMapper' via factory method to bean named 'jacksonObjectMapperBuilder'
2024-04-30T01:23:34.650-04:00 DEBUG 17372 --- [publicacion] [           main] o.s.b.f.s.DefaultListableBeanFactory     : Autowiring by type from bean name 'hypermediaWebMvcConfigurer' via factory method to bean named 'hypermediaWebMvcConverters'
2024-04-30T01:23:34.652-04:00 DEBUG 17372 --- [publicacion] [           main] o.s.b.f.s.DefaultListableBeanFactory     : Creating shared instance of singleton bean 'welcomePageHandlerMapping'
2024-04-30T01:23:34.653-04:00 DEBUG 17372 --- [publicacion] [           main] o.s.b.f.s.DefaultListableBeanFactory     : Creating shared instance of singleton bean 'mvcConversionService'
2024-04-30T01:23:34.666-04:00 DEBUG 17372 --- [publicacion] [           main] o.s.b.f.s.DefaultListableBeanFactory     : Creating shared instance of singleton bean 'mvcResourceUrlProvider'
2024-04-30T01:23:34.670-04:00 DEBUG 17372 --- [publicacion] [           main] o.s.b.f.s.DefaultListableBeanFactory     : Autowiring by type from bean name 'welcomePageHandlerMapping' via factory method to bean named 'org.springframework.web.context.support.GenericWebApplicationContext@2ba45490'
2024-04-30T01:23:34.670-04:00 DEBUG 17372 --- [publicacion] [           main] o.s.b.f.s.DefaultListableBeanFactory     : Autowiring by type from bean name 'welcomePageHandlerMapping' via factory method to bean named 'mvcConversionService'
2024-04-30T01:23:34.670-04:00 DEBUG 17372 --- [publicacion] [           main] o.s.b.f.s.DefaultListableBeanFactory     : Autowiring by type from bean name 'welcomePageHandlerMapping' via factory method to bean named 'mvcResourceUrlProvider'
2024-04-30T01:23:34.701-04:00 DEBUG 17372 --- [publicacion] [           main] o.s.b.f.s.DefaultListableBeanFactory     : Creating shared instance of singleton bean 'welcomePageNotAcceptableHandlerMapping'
2024-04-30T01:23:34.702-04:00 DEBUG 17372 --- [publicacion] [           main] o.s.b.f.s.DefaultListableBeanFactory     : Autowiring by type from bean name 'welcomePageNotAcceptableHandlerMapping' via factory method to bean named 'org.springframework.web.context.support.GenericWebApplicationContext@2ba45490'
2024-04-30T01:23:34.702-04:00 DEBUG 17372 --- [publicacion] [           main] o.s.b.f.s.DefaultListableBeanFactory     : Autowiring by type from bean name 'welcomePageNotAcceptableHandlerMapping' via factory method to bean named 'mvcConversionService'
2024-04-30T01:23:34.702-04:00 DEBUG 17372 --- [publicacion] [           main] o.s.b.f.s.DefaultListableBeanFactory     : Autowiring by type from bean name 'welcomePageNotAcceptableHandlerMapping' via factory method to bean named 'mvcResourceUrlProvider'
2024-04-30T01:23:34.707-04:00 DEBUG 17372 --- [publicacion] [           main] o.s.b.f.s.DefaultListableBeanFactory     : Creating shared instance of singleton bean 'localeResolver'
2024-04-30T01:23:34.711-04:00 DEBUG 17372 --- [publicacion] [           main] o.s.b.f.s.DefaultListableBeanFactory     : Creating shared instance of singleton bean 'themeResolver'
2024-04-30T01:23:34.713-04:00 DEBUG 17372 --- [publicacion] [           main] o.s.b.f.s.DefaultListableBeanFactory     : Creating shared instance of singleton bean 'flashMapManager'
2024-04-30T01:23:34.717-04:00 DEBUG 17372 --- [publicacion] [           main] o.s.b.f.s.DefaultListableBeanFactory     : Creating shared instance of singleton bean 'mvcValidator'
2024-04-30T01:23:34.720-04:00 DEBUG 17372 --- [publicacion] [           main] o.s.b.f.s.DefaultListableBeanFactory     : Creating shared instance of singleton bean 'mvcContentNegotiationManager'
2024-04-30T01:23:34.727-04:00 DEBUG 17372 --- [publicacion] [           main] o.s.b.f.s.DefaultListableBeanFactory     : Creating shared instance of singleton bean 'requestMappingHandlerMapping'
2024-04-30T01:23:34.728-04:00 DEBUG 17372 --- [publicacion] [           main] o.s.b.f.s.DefaultListableBeanFactory     : Autowiring by type from bean name 'requestMappingHandlerMapping' via factory method to bean named 'mvcContentNegotiationManager'
2024-04-30T01:23:34.729-04:00 DEBUG 17372 --- [publicacion] [           main] o.s.b.f.s.DefaultListableBeanFactory     : Autowiring by type from bean name 'requestMappingHandlerMapping' via factory method to bean named 'mvcConversionService'
2024-04-30T01:23:34.729-04:00 DEBUG 17372 --- [publicacion] [           main] o.s.b.f.s.DefaultListableBeanFactory     : Autowiring by type from bean name 'requestMappingHandlerMapping' via factory method to bean named 'mvcResourceUrlProvider'
2024-04-30T01:23:34.788-04:00 DEBUG 17372 --- [publicacion] [           main] s.w.s.m.m.a.RequestMappingHandlerMapping : 6 mappings in 'requestMappingHandlerMapping'
2024-04-30T01:23:34.789-04:00 DEBUG 17372 --- [publicacion] [           main] o.s.b.f.s.DefaultListableBeanFactory     : Creating shared instance of singleton bean 'mvcPatternParser'
2024-04-30T01:23:34.790-04:00 DEBUG 17372 --- [publicacion] [           main] o.s.b.f.s.DefaultListableBeanFactory     : Creating shared instance of singleton bean 'mvcUrlPathHelper'
2024-04-30T01:23:34.791-04:00 DEBUG 17372 --- [publicacion] [           main] o.s.b.f.s.DefaultListableBeanFactory     : Creating shared instance of singleton bean 'mvcPathMatcher'
2024-04-30T01:23:34.793-04:00 DEBUG 17372 --- [publicacion] [           main] o.s.b.f.s.DefaultListableBeanFactory     : Creating shared instance of singleton bean 'viewControllerHandlerMapping'
2024-04-30T01:23:34.794-04:00 DEBUG 17372 --- [publicacion] [           main] o.s.b.f.s.DefaultListableBeanFactory     : Autowiring by type from bean name 'viewControllerHandlerMapping' via factory method to bean named 'mvcConversionService'
2024-04-30T01:23:34.794-04:00 DEBUG 17372 --- [publicacion] [           main] o.s.b.f.s.DefaultListableBeanFactory     : Autowiring by type from bean name 'viewControllerHandlerMapping' via factory method to bean named 'mvcResourceUrlProvider'
2024-04-30T01:23:34.795-04:00 DEBUG 17372 --- [publicacion] [           main] o.s.b.f.s.DefaultListableBeanFactory     : Creating shared instance of singleton bean 'beanNameHandlerMapping'
2024-04-30T01:23:34.795-04:00 DEBUG 17372 --- [publicacion] [           main] o.s.b.f.s.DefaultListableBeanFactory     : Autowiring by type from bean name 'beanNameHandlerMapping' via factory method to bean named 'mvcConversionService'
2024-04-30T01:23:34.795-04:00 DEBUG 17372 --- [publicacion] [           main] o.s.b.f.s.DefaultListableBeanFactory     : Autowiring by type from bean name 'beanNameHandlerMapping' via factory method to bean named 'mvcResourceUrlProvider'
2024-04-30T01:23:34.797-04:00 DEBUG 17372 --- [publicacion] [           main] o.s.b.f.s.DefaultListableBeanFactory     : Creating shared instance of singleton bean 'routerFunctionMapping'
2024-04-30T01:23:34.797-04:00 DEBUG 17372 --- [publicacion] [           main] o.s.b.f.s.DefaultListableBeanFactory     : Autowiring by type from bean name 'routerFunctionMapping' via factory method to bean named 'mvcConversionService'
2024-04-30T01:23:34.797-04:00 DEBUG 17372 --- [publicacion] [           main] o.s.b.f.s.DefaultListableBeanFactory     : Autowiring by type from bean name 'routerFunctionMapping' via factory method to bean named 'mvcResourceUrlProvider'
2024-04-30T01:23:34.799-04:00 DEBUG 17372 --- [publicacion] [           main] o.s.b.f.s.DefaultListableBeanFactory     : Creating shared instance of singleton bean 'messageConverters'
2024-04-30T01:23:34.799-04:00 DEBUG 17372 --- [publicacion] [           main] o.s.b.f.s.DefaultListableBeanFactory     : Creating shared instance of singleton bean 'org.springframework.boot.autoconfigure.http.HttpMessageConvertersAutoConfiguration'
2024-04-30T01:23:34.802-04:00 DEBUG 17372 --- [publicacion] [           main] o.s.b.f.s.DefaultListableBeanFactory     : Creating shared instance of singleton bean 'stringHttpMessageConverter'
2024-04-30T01:23:34.803-04:00 DEBUG 17372 --- [publicacion] [           main] o.s.b.f.s.DefaultListableBeanFactory     : Creating shared instance of singleton bean 'org.springframework.boot.autoconfigure.http.HttpMessageConvertersAutoConfiguration$StringHttpMessageConverterConfiguration'
2024-04-30T01:23:34.804-04:00 DEBUG 17372 --- [publicacion] [           main] o.s.b.f.s.DefaultListableBeanFactory     : Autowiring by type from bean name 'stringHttpMessageConverter' via factory method to bean named 'environment'
2024-04-30T01:23:34.811-04:00 DEBUG 17372 --- [publicacion] [           main] o.s.b.f.s.DefaultListableBeanFactory     : Creating shared instance of singleton bean 'mappingJackson2HttpMessageConverter'
2024-04-30T01:23:34.811-04:00 DEBUG 17372 --- [publicacion] [           main] o.s.b.f.s.DefaultListableBeanFactory     : Creating shared instance of singleton bean 'org.springframework.boot.autoconfigure.http.JacksonHttpMessageConvertersConfiguration$MappingJackson2HttpMessageConverterConfiguration'
2024-04-30T01:23:34.814-04:00 DEBUG 17372 --- [publicacion] [           main] o.s.b.f.s.DefaultListableBeanFactory     : Autowiring by type from bean name 'mappingJackson2HttpMessageConverter' via factory method to bean named 'jacksonObjectMapper'
2024-04-30T01:23:34.876-04:00 DEBUG 17372 --- [publicacion] [           main] o.s.b.f.s.DefaultListableBeanFactory     : Creating shared instance of singleton bean 'applicationJsonHalConfiguration'
2024-04-30T01:23:34.876-04:00 DEBUG 17372 --- [publicacion] [           main] o.s.b.f.s.DefaultListableBeanFactory     : Creating shared instance of singleton bean 'org.springframework.boot.autoconfigure.hateoas.HypermediaAutoConfiguration'
2024-04-30T01:23:34.891-04:00 DEBUG 17372 --- [publicacion] [           main] o.s.b.f.s.DefaultListableBeanFactory     : Creating shared instance of singleton bean 'resourceHandlerMapping'
2024-04-30T01:23:34.892-04:00 DEBUG 17372 --- [publicacion] [           main] o.s.b.f.s.DefaultListableBeanFactory     : Autowiring by type from bean name 'resourceHandlerMapping' via factory method to bean named 'mvcContentNegotiationManager'
2024-04-30T01:23:34.892-04:00 DEBUG 17372 --- [publicacion] [           main] o.s.b.f.s.DefaultListableBeanFactory     : Autowiring by type from bean name 'resourceHandlerMapping' via factory method to bean named 'mvcConversionService'
2024-04-30T01:23:34.892-04:00 DEBUG 17372 --- [publicacion] [           main] o.s.b.f.s.DefaultListableBeanFactory     : Autowiring by type from bean name 'resourceHandlerMapping' via factory method to bean named 'mvcResourceUrlProvider'
2024-04-30T01:23:34.907-04:00 DEBUG 17372 --- [publicacion] [           main] o.s.w.s.handler.SimpleUrlHandlerMapping  : Patterns [/webjars/**, /**] in 'resourceHandlerMapping'
2024-04-30T01:23:34.908-04:00 DEBUG 17372 --- [publicacion] [           main] o.s.b.f.s.DefaultListableBeanFactory     : Creating shared instance of singleton bean 'defaultServletHandlerMapping'
2024-04-30T01:23:34.908-04:00 DEBUG 17372 --- [publicacion] [           main] o.s.b.f.s.DefaultListableBeanFactory     : Creating shared instance of singleton bean 'requestMappingHandlerAdapter'
2024-04-30T01:23:34.909-04:00 DEBUG 17372 --- [publicacion] [           main] o.s.b.f.s.DefaultListableBeanFactory     : Autowiring by type from bean name 'requestMappingHandlerAdapter' via factory method to bean named 'mvcContentNegotiationManager'
2024-04-30T01:23:34.910-04:00 DEBUG 17372 --- [publicacion] [           main] o.s.b.f.s.DefaultListableBeanFactory     : Autowiring by type from bean name 'requestMappingHandlerAdapter' via factory method to bean named 'mvcConversionService'
2024-04-30T01:23:34.910-04:00 DEBUG 17372 --- [publicacion] [           main] o.s.b.f.s.DefaultListableBeanFactory     : Autowiring by type from bean name 'requestMappingHandlerAdapter' via factory method to bean named 'mvcValidator'
2024-04-30T01:23:34.922-04:00 DEBUG 17372 --- [publicacion] [           main] o.s.b.f.s.DefaultListableBeanFactory     : Creating shared instance of singleton bean 'sortResolver'
2024-04-30T01:23:34.929-04:00 DEBUG 17372 --- [publicacion] [           main] o.s.b.f.s.DefaultListableBeanFactory     : Creating shared instance of singleton bean 'sortCustomizer'
2024-04-30T01:23:34.929-04:00 DEBUG 17372 --- [publicacion] [           main] o.s.b.f.s.DefaultListableBeanFactory     : Creating shared instance of singleton bean 'org.springframework.boot.autoconfigure.data.web.SpringDataWebAutoConfiguration'
2024-04-30T01:23:34.930-04:00 DEBUG 17372 --- [publicacion] [           main] o.s.b.f.s.DefaultListableBeanFactory     : Creating shared instance of singleton bean 'spring.data.web-org.springframework.boot.autoconfigure.data.web.SpringDataWebProperties'
2024-04-30T01:23:34.932-04:00 DEBUG 17372 --- [publicacion] [           main] o.s.b.f.s.DefaultListableBeanFactory     : Autowiring by type from bean name 'org.springframework.boot.autoconfigure.data.web.SpringDataWebAutoConfiguration' via constructor to bean named 'spring.data.web-org.springframework.boot.autoconfigure.data.web.SpringDataWebProperties'
2024-04-30T01:23:34.939-04:00 DEBUG 17372 --- [publicacion] [           main] o.s.b.f.s.DefaultListableBeanFactory     : Creating shared instance of singleton bean 'pageableResolver'
2024-04-30T01:23:34.943-04:00 DEBUG 17372 --- [publicacion] [           main] o.s.b.f.s.DefaultListableBeanFactory     : Creating shared instance of singleton bean 'pageableCustomizer'
2024-04-30T01:23:34.948-04:00 DEBUG 17372 --- [publicacion] [           main] o.s.b.f.s.DefaultListableBeanFactory     : Creating shared instance of singleton bean 'pagedResourcesAssemblerArgumentResolver'
2024-04-30T01:23:34.949-04:00 DEBUG 17372 --- [publicacion] [           main] o.s.b.f.s.DefaultListableBeanFactory     : Creating shared instance of singleton bean 'slicedResourcesAssemblerArgumentResolver'
2024-04-30T01:23:34.952-04:00 DEBUG 17372 --- [publicacion] [           main] o.s.b.f.s.DefaultListableBeanFactory     : Creating shared instance of singleton bean 'applicationTaskExecutor'
2024-04-30T01:23:34.953-04:00 DEBUG 17372 --- [publicacion] [           main] o.s.b.f.s.DefaultListableBeanFactory     : Autowiring by type from bean name 'applicationTaskExecutor' via factory method to bean named 'taskExecutorBuilder'
2024-04-30T01:23:34.964-04:00 DEBUG 17372 --- [publicacion] [           main] o.s.s.concurrent.ThreadPoolTaskExecutor  : Initializing ExecutorService 'applicationTaskExecutor'
2024-04-30T01:23:34.983-04:00 DEBUG 17372 --- [publicacion] [           main] s.w.s.m.m.a.RequestMappingHandlerAdapter : ControllerAdvice beans: 0 @ModelAttribute, 0 @InitBinder, 1 RequestBodyAdvice, 1 ResponseBodyAdvice
2024-04-30T01:23:35.011-04:00 DEBUG 17372 --- [publicacion] [           main] o.s.b.f.s.DefaultListableBeanFactory     : Creating shared instance of singleton bean 'handlerFunctionAdapter'
2024-04-30T01:23:35.014-04:00 DEBUG 17372 --- [publicacion] [           main] o.s.b.f.s.DefaultListableBeanFactory     : Creating shared instance of singleton bean 'mvcUriComponentsContributor'
2024-04-30T01:23:35.016-04:00 DEBUG 17372 --- [publicacion] [           main] o.s.b.f.s.DefaultListableBeanFactory     : Autowiring by type from bean name 'mvcUriComponentsContributor' via factory method to bean named 'mvcConversionService'
2024-04-30T01:23:35.016-04:00 DEBUG 17372 --- [publicacion] [           main] o.s.b.f.s.DefaultListableBeanFactory     : Autowiring by type from bean name 'mvcUriComponentsContributor' via factory method to bean named 'requestMappingHandlerAdapter'
2024-04-30T01:23:35.016-04:00 DEBUG 17372 --- [publicacion] [           main] o.s.b.f.s.DefaultListableBeanFactory     : Creating shared instance of singleton bean 'httpRequestHandlerAdapter'
2024-04-30T01:23:35.017-04:00 DEBUG 17372 --- [publicacion] [           main] o.s.b.f.s.DefaultListableBeanFactory     : Creating shared instance of singleton bean 'simpleControllerHandlerAdapter'
2024-04-30T01:23:35.017-04:00 DEBUG 17372 --- [publicacion] [           main] o.s.b.f.s.DefaultListableBeanFactory     : Creating shared instance of singleton bean 'handlerExceptionResolver'
2024-04-30T01:23:35.017-04:00 DEBUG 17372 --- [publicacion] [           main] o.s.b.f.s.DefaultListableBeanFactory     : Autowiring by type from bean name 'handlerExceptionResolver' via factory method to bean named 'mvcContentNegotiationManager'
2024-04-30T01:23:35.021-04:00 DEBUG 17372 --- [publicacion] [           main] .m.m.a.ExceptionHandlerExceptionResolver : ControllerAdvice beans: 0 @ExceptionHandler, 1 ResponseBodyAdvice
2024-04-30T01:23:35.028-04:00 DEBUG 17372 --- [publicacion] [           main] o.s.b.f.s.DefaultListableBeanFactory     : Creating shared instance of singleton bean 'mvcViewResolver'
2024-04-30T01:23:35.029-04:00 DEBUG 17372 --- [publicacion] [           main] o.s.b.f.s.DefaultListableBeanFactory     : Autowiring by type from bean name 'mvcViewResolver' via factory method to bean named 'mvcContentNegotiationManager'
2024-04-30T01:23:35.031-04:00 DEBUG 17372 --- [publicacion] [           main] o.s.b.f.s.DefaultListableBeanFactory     : Creating shared instance of singleton bean 'viewNameTranslator'
2024-04-30T01:23:35.032-04:00 DEBUG 17372 --- [publicacion] [           main] o.s.b.f.s.DefaultListableBeanFactory     : Creating shared instance of singleton bean 'defaultViewResolver'
2024-04-30T01:23:35.038-04:00 DEBUG 17372 --- [publicacion] [           main] o.s.b.f.s.DefaultListableBeanFactory     : Creating shared instance of singleton bean 'viewResolver'
2024-04-30T01:23:35.039-04:00 DEBUG 17372 --- [publicacion] [           main] o.s.b.f.s.DefaultListableBeanFactory     : Autowiring by type from bean name 'viewResolver' via factory method to bean named 'org.springframework.beans.factory.support.DefaultListableBeanFactory@286b39c2'
2024-04-30T01:23:35.041-04:00 DEBUG 17372 --- [publicacion] [           main] o.s.b.f.s.DefaultListableBeanFactory     : Creating shared instance of singleton bean 'viewResolver'
2024-04-30T01:23:35.043-04:00 DEBUG 17372 --- [publicacion] [           main] o.s.b.f.s.DefaultListableBeanFactory     : Creating shared instance of singleton bean 'requestContextFilter'
2024-04-30T01:23:35.046-04:00 DEBUG 17372 --- [publicacion] [           main] o.s.b.f.s.DefaultListableBeanFactory     : Creating shared instance of singleton bean 'org.springframework.boot.autoconfigure.web.servlet.WebMvcAutoConfiguration'
2024-04-30T01:23:35.046-04:00 DEBUG 17372 --- [publicacion] [           main] o.s.b.f.s.DefaultListableBeanFactory     : Creating shared instance of singleton bean 'formContentFilter'
2024-04-30T01:23:35.049-04:00 DEBUG 17372 --- [publicacion] [           main] o.s.b.f.s.DefaultListableBeanFactory     : Creating shared instance of singleton bean 'org.springframework.boot.autoconfigure.http.JacksonHttpMessageConvertersConfiguration'
2024-04-30T01:23:35.049-04:00 DEBUG 17372 --- [publicacion] [           main] o.s.b.f.s.DefaultListableBeanFactory     : Creating shared instance of singleton bean 'org.springframework.data.web.config.ProjectingArgumentResolverRegistrar'
2024-04-30T01:23:35.050-04:00 DEBUG 17372 --- [publicacion] [           main] o.s.b.f.s.DefaultListableBeanFactory     : Creating shared instance of singleton bean 'pagedResourcesAssembler'
2024-04-30T01:23:35.053-04:00 DEBUG 17372 --- [publicacion] [           main] o.s.b.f.s.DefaultListableBeanFactory     : Creating shared instance of singleton bean 'slicedResourcesAssembler'
2024-04-30T01:23:35.055-04:00 DEBUG 17372 --- [publicacion] [           main] o.s.b.f.s.DefaultListableBeanFactory     : Creating shared instance of singleton bean 'offsetResolver'
2024-04-30T01:23:35.058-04:00 DEBUG 17372 --- [publicacion] [           main] o.s.b.f.s.DefaultListableBeanFactory     : Creating shared instance of singleton bean 'halLinkDisocoverer'
2024-04-30T01:23:35.060-04:00 DEBUG 17372 --- [publicacion] [           main] o.s.b.f.s.DefaultListableBeanFactory     : Creating shared instance of singleton bean 'org.springframework.hateoas.config.WebTestHateoasConfiguration'
2024-04-30T01:23:35.060-04:00 DEBUG 17372 --- [publicacion] [           main] o.s.b.f.s.DefaultListableBeanFactory     : Creating shared instance of singleton bean 'defaultRelProvider'
2024-04-30T01:23:35.061-04:00 DEBUG 17372 --- [publicacion] [           main] o.s.b.f.s.DefaultListableBeanFactory     : Creating shared instance of singleton bean 'annotationRelProvider'
2024-04-30T01:23:35.062-04:00 DEBUG 17372 --- [publicacion] [           main] o.s.b.f.s.DefaultListableBeanFactory     : Creating shared instance of singleton bean 'linkDiscoverers'
2024-04-30T01:23:35.063-04:00 DEBUG 17372 --- [publicacion] [           main] o.s.b.f.s.DefaultListableBeanFactory     : Creating shared instance of singleton bean 'linkDiscovererRegistry'
2024-04-30T01:23:35.067-04:00 DEBUG 17372 --- [publicacion] [           main] o.s.b.f.s.DefaultListableBeanFactory     : Autowiring by type from bean name 'linkDiscoverers' via factory method to bean named 'linkDiscovererRegistry'
2024-04-30T01:23:35.068-04:00 DEBUG 17372 --- [publicacion] [           main] o.s.b.f.s.DefaultListableBeanFactory     : Creating shared instance of singleton bean 'org.springframework.hateoas.config.WebMvcEntityLinksConfiguration'
2024-04-30T01:23:35.068-04:00 DEBUG 17372 --- [publicacion] [           main] o.s.b.f.s.DefaultListableBeanFactory     : Creating shared instance of singleton bean 'webMvcEntityLinks'
2024-04-30T01:23:35.071-04:00 DEBUG 17372 --- [publicacion] [           main] o.s.b.f.s.DefaultListableBeanFactory     : Creating shared instance of singleton bean 'webMvcLinkBuilderFactory'
2024-04-30T01:23:35.078-04:00 DEBUG 17372 --- [publicacion] [           main] o.s.b.f.s.DefaultListableBeanFactory     : Creating shared instance of singleton bean 'entityLinksPluginRegistry'
2024-04-30T01:23:35.079-04:00 DEBUG 17372 --- [publicacion] [           main] o.s.b.f.s.DefaultListableBeanFactory     : Autowiring by type from bean name 'entityLinksPluginRegistry' via factory method to bean named 'org.springframework.web.context.support.GenericWebApplicationContext@2ba45490'
2024-04-30T01:23:35.079-04:00 DEBUG 17372 --- [publicacion] [           main] o.s.b.f.s.DefaultListableBeanFactory     : Creating shared instance of singleton bean 'delegatingEntityLinks'
2024-04-30T01:23:35.079-04:00 DEBUG 17372 --- [publicacion] [           main] o.s.b.f.s.DefaultListableBeanFactory     : Autowiring by type from bean name 'delegatingEntityLinks' via factory method to bean named 'entityLinksPluginRegistry'
2024-04-30T01:23:35.081-04:00 DEBUG 17372 --- [publicacion] [           main] o.s.b.f.s.DefaultListableBeanFactory     : Creating shared instance of singleton bean 'representationModelProcessorInvoker'
2024-04-30T01:23:35.083-04:00 DEBUG 17372 --- [publicacion] [           main] o.s.b.f.s.DefaultListableBeanFactory     : Creating shared instance of singleton bean 'org.springframework.hateoas.config.RestTemplateHateoasConfiguration'
2024-04-30T01:23:35.083-04:00 DEBUG 17372 --- [publicacion] [           main] o.s.b.f.s.DefaultListableBeanFactory     : Creating shared instance of singleton bean 'org.springframework.boot.autoconfigure.hateoas.HypermediaAutoConfiguration$HypermediaConfiguration'
2024-04-30T01:23:35.084-04:00 DEBUG 17372 --- [publicacion] [           main] o.s.b.f.s.DefaultListableBeanFactory     : Creating shared instance of singleton bean 'spring.hateoas-org.springframework.boot.autoconfigure.hateoas.HateoasProperties'
2024-04-30T01:23:35.085-04:00 DEBUG 17372 --- [publicacion] [           main] o.s.b.f.s.DefaultListableBeanFactory     : Creating shared instance of singleton bean 'org.springframework.boot.autoconfigure.web.servlet.HttpEncodingAutoConfiguration'
2024-04-30T01:23:35.085-04:00 DEBUG 17372 --- [publicacion] [           main] o.s.b.f.s.DefaultListableBeanFactory     : Autowiring by type from bean name 'org.springframework.boot.autoconfigure.web.servlet.HttpEncodingAutoConfiguration' via constructor to bean named 'server-org.springframework.boot.autoconfigure.web.ServerProperties'
2024-04-30T01:23:35.085-04:00 DEBUG 17372 --- [publicacion] [           main] o.s.b.f.s.DefaultListableBeanFactory     : Creating shared instance of singleton bean 'characterEncodingFilter'
2024-04-30T01:23:35.086-04:00 DEBUG 17372 --- [publicacion] [           main] o.s.b.f.s.DefaultListableBeanFactory     : Creating shared instance of singleton bean 'localeCharsetMappingsCustomizer'
2024-04-30T01:23:35.088-04:00 DEBUG 17372 --- [publicacion] [           main] o.s.b.f.s.DefaultListableBeanFactory     : Creating shared instance of singleton bean 'mockMvcBuilder'
2024-04-30T01:23:35.089-04:00 DEBUG 17372 --- [publicacion] [           main] o.s.b.f.s.DefaultListableBeanFactory     : Creating shared instance of singleton bean 'springBootMockMvcBuilderCustomizer'
2024-04-30T01:23:35.092-04:00 DEBUG 17372 --- [publicacion] [           main] o.s.b.f.s.DefaultListableBeanFactory     : Autowiring by type from bean name 'mockMvcBuilder' via factory method to bean named 'springBootMockMvcBuilderCustomizer'
2024-04-30T01:23:35.099-04:00 DEBUG 17372 --- [publicacion] [           main] o.s.b.w.s.ServletContextInitializerBeans : Mapping filters: characterEncodingFilter urls=[/*] order=-2147483648, formContentFilter urls=[/*] order=-9900, requestContextFilter urls=[/*] order=-105
2024-04-30T01:23:35.099-04:00 DEBUG 17372 --- [publicacion] [           main] o.s.b.w.s.ServletContextInitializerBeans : Mapping servlets: 
2024-04-30T01:23:35.103-04:00 DEBUG 17372 --- [publicacion] [           main] o.s.b.f.s.DefaultListableBeanFactory     : Creating shared instance of singleton bean 'mockMvc'
2024-04-30T01:23:35.104-04:00 DEBUG 17372 --- [publicacion] [           main] o.s.b.f.s.DefaultListableBeanFactory     : Autowiring by type from bean name 'mockMvc' via factory method to bean named 'mockMvcBuilder'
2024-04-30T01:23:35.105-04:00 DEBUG 17372 --- [publicacion] [           main] s.b.w.s.f.OrderedCharacterEncodingFilter : Filter 'characterEncodingFilter' configured for use
2024-04-30T01:23:35.105-04:00 DEBUG 17372 --- [publicacion] [           main] o.s.b.w.s.f.OrderedFormContentFilter     : Filter 'formContentFilter' configured for use
2024-04-30T01:23:35.105-04:00 DEBUG 17372 --- [publicacion] [           main] o.s.b.w.s.f.OrderedRequestContextFilter  : Filter 'requestContextFilter' configured for use
2024-04-30T01:23:35.110-04:00  INFO 17372 --- [publicacion] [           main] o.s.b.t.m.w.SpringBootMockServletContext : Initializing Spring TestDispatcherServlet ''
2024-04-30T01:23:35.110-04:00  INFO 17372 --- [publicacion] [           main] o.s.t.web.servlet.TestDispatcherServlet  : Initializing Servlet ''
2024-04-30T01:23:35.111-04:00 DEBUG 17372 --- [publicacion] [           main] o.s.t.web.servlet.TestDispatcherServlet  : Detected AcceptHeaderLocaleResolver
2024-04-30T01:23:35.111-04:00 DEBUG 17372 --- [publicacion] [           main] o.s.t.web.servlet.TestDispatcherServlet  : Detected FixedThemeResolver
2024-04-30T01:23:35.112-04:00 DEBUG 17372 --- [publicacion] [           main] o.s.t.web.servlet.TestDispatcherServlet  : Detected org.springframework.web.servlet.view.DefaultRequestToViewNameTranslator@3b57f915
2024-04-30T01:23:35.112-04:00 DEBUG 17372 --- [publicacion] [           main] o.s.t.web.servlet.TestDispatcherServlet  : Detected org.springframework.web.servlet.support.SessionFlashMapManager@591f6f83
2024-04-30T01:23:35.112-04:00 DEBUG 17372 --- [publicacion] [           main] o.s.t.web.servlet.TestDispatcherServlet  : enableLoggingRequestDetails='false': request parameters and headers will be masked to prevent unsafe logging of potentially sensitive data
2024-04-30T01:23:35.113-04:00  INFO 17372 --- [publicacion] [           main] o.s.t.web.servlet.TestDispatcherServlet  : Completed initialization in 2 ms
2024-04-30T01:23:35.115-04:00 DEBUG 17372 --- [publicacion] [           main] o.s.b.f.s.DefaultListableBeanFactory     : Creating shared instance of singleton bean 'dispatcherServlet'
2024-04-30T01:23:35.116-04:00 DEBUG 17372 --- [publicacion] [           main] o.s.b.f.s.DefaultListableBeanFactory     : Autowiring by type from bean name 'dispatcherServlet' via factory method to bean named 'mockMvc'
2024-04-30T01:23:35.134-04:00 DEBUG 17372 --- [publicacion] [           main] o.s.c.support.DefaultLifecycleProcessor  : Starting beans in phase -2147483647
2024-04-30T01:23:35.134-04:00 DEBUG 17372 --- [publicacion] [           main] o.s.c.support.DefaultLifecycleProcessor  : Successfully started bean 'springBootLoggingLifecycle'
2024-04-30T01:23:35.134-04:00 DEBUG 17372 --- [publicacion] [           main] o.s.c.support.DefaultLifecycleProcessor  : Starting beans in phase 2147483647
2024-04-30T01:23:35.141-04:00 DEBUG 17372 --- [publicacion] [           main] .s.b.a.l.ConditionEvaluationReportLogger : 


============================
CONDITIONS EVALUATION REPORT
============================


Positive matches:
-----------------

   ErrorMvcAutoConfiguration matched:
      - @ConditionalOnClass found required classes 'jakarta.servlet.Servlet', 'org.springframework.web.servlet.DispatcherServlet' (OnClassCondition)
      - found 'session' scope (OnWebApplicationCondition)

   ErrorMvcAutoConfiguration#basicErrorController matched:
      - @ConditionalOnMissingBean (types: org.springframework.boot.web.servlet.error.ErrorController; SearchStrategy: current) did not find any beans (OnBeanCondition)

   ErrorMvcAutoConfiguration#errorAttributes matched:
      - @ConditionalOnMissingBean (types: org.springframework.boot.web.servlet.error.ErrorAttributes; SearchStrategy: current) did not find any beans (OnBeanCondition)

   ErrorMvcAutoConfiguration.WhitelabelErrorViewConfiguration matched:
      - @ConditionalOnProperty (server.error.whitelabel.enabled) matched (OnPropertyCondition)
      - ErrorTemplate Missing did not find error template view (ErrorMvcAutoConfiguration.ErrorTemplateMissingCondition)

   ErrorMvcAutoConfiguration.WhitelabelErrorViewConfiguration#beanNameViewResolver matched:
      - @ConditionalOnMissingBean (types: org.springframework.web.servlet.view.BeanNameViewResolver; SearchStrategy: all) did not find any beans (OnBeanCondition)

   ErrorMvcAutoConfiguration.WhitelabelErrorViewConfiguration#defaultErrorView matched:
      - @ConditionalOnMissingBean (names: error; SearchStrategy: all) did not find any beans (OnBeanCondition)

   HttpEncodingAutoConfiguration matched:
      - @ConditionalOnClass found required class 'org.springframework.web.filter.CharacterEncodingFilter' (OnClassCondition)
      - found 'session' scope (OnWebApplicationCondition)
      - @ConditionalOnProperty (server.servlet.encoding.enabled) matched (OnPropertyCondition)

   HttpEncodingAutoConfiguration#characterEncodingFilter matched:
      - @ConditionalOnMissingBean (types: org.springframework.web.filter.CharacterEncodingFilter; SearchStrategy: all) did not find any beans (OnBeanCondition)

   HttpMessageConvertersAutoConfiguration matched:
      - @ConditionalOnClass found required class 'org.springframework.http.converter.HttpMessageConverter' (OnClassCondition)
      - NoneNestedConditions 0 matched 1 did not; NestedCondition on HttpMessageConvertersAutoConfiguration.NotReactiveWebApplicationCondition.ReactiveWebApplication did not find reactive web application classes (HttpMessageConvertersAutoConfiguration.NotReactiveWebApplicationCondition)

   HttpMessageConvertersAutoConfiguration#messageConverters matched:
      - @ConditionalOnMissingBean (types: org.springframework.boot.autoconfigure.http.HttpMessageConverters; SearchStrategy: all) did not find any beans (OnBeanCondition)

   HttpMessageConvertersAutoConfiguration.StringHttpMessageConverterConfiguration matched:
      - @ConditionalOnClass found required class 'org.springframework.http.converter.StringHttpMessageConverter' (OnClassCondition)

   HttpMessageConvertersAutoConfiguration.StringHttpMessageConverterConfiguration#stringHttpMessageConverter matched:
      - @ConditionalOnMissingBean (types: org.springframework.http.converter.StringHttpMessageConverter; SearchStrategy: all) did not find any beans (OnBeanCondition)

   HypermediaAutoConfiguration matched:
      - @ConditionalOnClass found required classes 'org.springframework.hateoas.EntityModel', 'org.springframework.web.bind.annotation.RequestMapping', 'org.springframework.web.servlet.mvc.method.annotation.RequestMappingHandlerAdapter', 'org.springframework.plugin.core.Plugin' (OnClassCondition)
      - @ConditionalOnWebApplication (required) found 'session' scope (OnWebApplicationCondition)

   HypermediaAutoConfiguration#applicationJsonHalConfiguration matched:
      - @ConditionalOnClass found required class 'com.fasterxml.jackson.databind.ObjectMapper' (OnClassCondition)
      - @ConditionalOnProperty (spring.hateoas.use-hal-as-default-json-media-type) matched (OnPropertyCondition)
      - @ConditionalOnMissingBean (types: org.springframework.hateoas.mediatype.hal.HalConfiguration; SearchStrategy: all) did not find any beans (OnBeanCondition)

   HypermediaAutoConfiguration.HypermediaConfiguration matched:
      - @ConditionalOnClass found required class 'com.fasterxml.jackson.databind.ObjectMapper' (OnClassCondition)
      - @ConditionalOnMissingBean (types: org.springframework.hateoas.client.LinkDiscoverers; SearchStrategy: all) did not find any beans (OnBeanCondition)

   JacksonAutoConfiguration matched:
      - @ConditionalOnClass found required class 'com.fasterxml.jackson.databind.ObjectMapper' (OnClassCondition)

   JacksonAutoConfiguration.Jackson2ObjectMapperBuilderCustomizerConfiguration matched:
      - @ConditionalOnClass found required class 'org.springframework.http.converter.json.Jackson2ObjectMapperBuilder' (OnClassCondition)

   JacksonAutoConfiguration.JacksonObjectMapperBuilderConfiguration matched:
      - @ConditionalOnClass found required class 'org.springframework.http.converter.json.Jackson2ObjectMapperBuilder' (OnClassCondition)

   JacksonAutoConfiguration.JacksonObjectMapperBuilderConfiguration#jacksonObjectMapperBuilder matched:
      - @ConditionalOnMissingBean (types: org.springframework.http.converter.json.Jackson2ObjectMapperBuilder; SearchStrategy: all) did not find any beans (OnBeanCondition)

   JacksonAutoConfiguration.JacksonObjectMapperConfiguration matched:
      - @ConditionalOnClass found required class 'org.springframework.http.converter.json.Jackson2ObjectMapperBuilder' (OnClassCondition)

   JacksonAutoConfiguration.JacksonObjectMapperConfiguration#jacksonObjectMapper matched:
      - @ConditionalOnMissingBean (types: com.fasterxml.jackson.databind.ObjectMapper; SearchStrategy: all) did not find any beans (OnBeanCondition)

   JacksonAutoConfiguration.ParameterNamesModuleConfiguration matched:
      - @ConditionalOnClass found required class 'com.fasterxml.jackson.module.paramnames.ParameterNamesModule' (OnClassCondition)

   JacksonAutoConfiguration.ParameterNamesModuleConfiguration#parameterNamesModule matched:
      - @ConditionalOnMissingBean (types: com.fasterxml.jackson.module.paramnames.ParameterNamesModule; SearchStrategy: all) did not find any beans (OnBeanCondition)

   JacksonHttpMessageConvertersConfiguration.MappingJackson2HttpMessageConverterConfiguration matched:
      - @ConditionalOnClass found required class 'com.fasterxml.jackson.databind.ObjectMapper' (OnClassCondition)
      - @ConditionalOnProperty (spring.mvc.converters.preferred-json-mapper=jackson) matched (OnPropertyCondition)
      - @ConditionalOnBean (types: com.fasterxml.jackson.databind.ObjectMapper; SearchStrategy: all) found bean 'jacksonObjectMapper' (OnBeanCondition)

   JacksonHttpMessageConvertersConfiguration.MappingJackson2HttpMessageConverterConfiguration#mappingJackson2HttpMessageConverter matched:
      - @ConditionalOnMissingBean (types: org.springframework.http.converter.json.MappingJackson2HttpMessageConverter ignored: org.springframework.hateoas.server.mvc.TypeConstrainedMappingJackson2HttpMessageConverter,org.springframework.data.rest.webmvc.alps.AlpsJsonHttpMessageConverter; SearchStrategy: all) did not find any beans (OnBeanCondition)

   MockMvcAutoConfiguration matched:
      - found 'session' scope (OnWebApplicationCondition)

   MockMvcAutoConfiguration#dispatcherServlet matched:
      - @ConditionalOnMissingBean (types: org.springframework.web.servlet.DispatcherServlet; SearchStrategy: all) did not find any beans (OnBeanCondition)

   MockMvcAutoConfiguration#dispatcherServletPath matched:
      - @ConditionalOnMissingBean (types: org.springframework.boot.autoconfigure.web.servlet.DispatcherServletPath; SearchStrategy: all) did not find any beans (OnBeanCondition)

   MockMvcAutoConfiguration#mockMvc matched:
      - @ConditionalOnMissingBean (types: org.springframework.test.web.servlet.MockMvc; SearchStrategy: all) did not find any beans (OnBeanCondition)

   MockMvcAutoConfiguration#mockMvcBuilder matched:
      - @ConditionalOnMissingBean (types: org.springframework.test.web.servlet.MockMvcBuilder; SearchStrategy: all) did not find any beans (OnBeanCondition)

   NoOpCacheConfiguration matched:
      - Cache org.springframework.boot.autoconfigure.cache.NoOpCacheConfiguration NONE cache type (CacheCondition)

   SpringDataWebAutoConfiguration matched:
      - @ConditionalOnClass found required classes 'org.springframework.data.web.PageableHandlerMethodArgumentResolver', 'org.springframework.web.servlet.config.annotation.WebMvcConfigurer' (OnClassCondition)
      - found 'session' scope (OnWebApplicationCondition)
      - @ConditionalOnMissingBean (types: org.springframework.data.web.PageableHandlerMethodArgumentResolver; SearchStrategy: all) did not find any beans (OnBeanCondition)

   SpringDataWebAutoConfiguration#pageableCustomizer matched:
      - @ConditionalOnMissingBean (types: org.springframework.data.web.config.PageableHandlerMethodArgumentResolverCustomizer; SearchStrategy: all) did not find any beans (OnBeanCondition)

   SpringDataWebAutoConfiguration#sortCustomizer matched:
      - @ConditionalOnMissingBean (types: org.springframework.data.web.config.SortHandlerMethodArgumentResolverCustomizer; SearchStrategy: all) did not find any beans (OnBeanCondition)

   TaskExecutionAutoConfiguration matched:
      - @ConditionalOnClass found required class 'org.springframework.scheduling.concurrent.ThreadPoolTaskExecutor' (OnClassCondition)

   TaskExecutorConfigurations.SimpleAsyncTaskExecutorBuilderConfiguration#simpleAsyncTaskExecutorBuilder matched:
      - @ConditionalOnMissingBean (types: org.springframework.boot.task.SimpleAsyncTaskExecutorBuilder; SearchStrategy: all) did not find any beans (OnBeanCondition)
      - @ConditionalOnThreading found PLATFORM (OnThreadingCondition)

   TaskExecutorConfigurations.TaskExecutorBuilderConfiguration#taskExecutorBuilder matched:
      - @ConditionalOnMissingBean (types: org.springframework.boot.task.TaskExecutorBuilder; SearchStrategy: all) did not find any beans (OnBeanCondition)

   TaskExecutorConfigurations.TaskExecutorConfiguration matched:
      - @ConditionalOnMissingBean (types: java.util.concurrent.Executor; SearchStrategy: all) did not find any beans (OnBeanCondition)

   TaskExecutorConfigurations.TaskExecutorConfiguration#applicationTaskExecutor matched:
      - @ConditionalOnThreading found PLATFORM (OnThreadingCondition)

   TaskExecutorConfigurations.ThreadPoolTaskExecutorBuilderConfiguration#threadPoolTaskExecutorBuilder matched:
      - @ConditionalOnMissingBean (types: org.springframework.boot.task.TaskExecutorBuilder,org.springframework.boot.task.ThreadPoolTaskExecutorBuilder; SearchStrategy: all) did not find any beans (OnBeanCondition)

   WebMvcAutoConfiguration matched:
      - @ConditionalOnClass found required classes 'jakarta.servlet.Servlet', 'org.springframework.web.servlet.DispatcherServlet', 'org.springframework.web.servlet.config.annotation.WebMvcConfigurer' (OnClassCondition)
      - found 'session' scope (OnWebApplicationCondition)
      - @ConditionalOnMissingBean (types: org.springframework.web.servlet.config.annotation.WebMvcConfigurationSupport; SearchStrategy: all) did not find any beans (OnBeanCondition)

   WebMvcAutoConfiguration#formContentFilter matched:
      - @ConditionalOnProperty (spring.mvc.formcontent.filter.enabled) matched (OnPropertyCondition)
      - @ConditionalOnMissingBean (types: org.springframework.web.filter.FormContentFilter; SearchStrategy: all) did not find any beans (OnBeanCondition)

   WebMvcAutoConfiguration.EnableWebMvcConfiguration#flashMapManager matched:
      - @ConditionalOnMissingBean (names: flashMapManager; SearchStrategy: all) did not find any beans (OnBeanCondition)

   WebMvcAutoConfiguration.EnableWebMvcConfiguration#localeResolver matched:
      - @ConditionalOnMissingBean (names: localeResolver; SearchStrategy: all) did not find any beans (OnBeanCondition)

   WebMvcAutoConfiguration.EnableWebMvcConfiguration#themeResolver matched:
      - @ConditionalOnMissingBean (names: themeResolver; SearchStrategy: all) did not find any beans (OnBeanCondition)

   WebMvcAutoConfiguration.WebMvcAutoConfigurationAdapter#defaultViewResolver matched:
      - @ConditionalOnMissingBean (types: org.springframework.web.servlet.view.InternalResourceViewResolver; SearchStrategy: all) did not find any beans (OnBeanCondition)

   WebMvcAutoConfiguration.WebMvcAutoConfigurationAdapter#requestContextFilter matched:
      - @ConditionalOnMissingBean (types: org.springframework.web.context.request.RequestContextListener,org.springframework.web.filter.RequestContextFilter; SearchStrategy: all) did not find any beans (OnBeanCondition)

   WebMvcAutoConfiguration.WebMvcAutoConfigurationAdapter#viewResolver matched:
      - @ConditionalOnBean (types: org.springframework.web.servlet.ViewResolver; SearchStrategy: all) found beans 'defaultViewResolver', 'beanNameViewResolver', 'mvcViewResolver'; @ConditionalOnMissingBean (names: viewResolver types: org.springframework.web.servlet.view.ContentNegotiatingViewResolver; SearchStrategy: all) did not find any beans (OnBeanCondition)


Negative matches:
-----------------

   Cache2kCacheConfiguration:
      Did not match:
         - @ConditionalOnClass did not find required class 'org.cache2k.Cache2kBuilder' (OnClassCondition)

   CacheAutoConfiguration:
      Did not match:
         - @ConditionalOnBean (types: org.springframework.cache.interceptor.CacheAspectSupport; SearchStrategy: all) did not find any beans of type org.springframework.cache.interceptor.CacheAspectSupport (OnBeanCondition)
      Matched:
         - @ConditionalOnClass found required class 'org.springframework.cache.CacheManager' (OnClassCondition)

   CacheAutoConfiguration.CacheManagerEntityManagerFactoryDependsOnPostProcessor:
      Did not match:
         - Ancestor org.springframework.boot.autoconfigure.cache.CacheAutoConfiguration did not match (ConditionEvaluationReport.AncestorsMatchedCondition)
      Matched:
         - @ConditionalOnClass found required class 'org.springframework.orm.jpa.LocalContainerEntityManagerFactoryBean' (OnClassCondition)

   CaffeineCacheConfiguration:
      Did not match:
         - @ConditionalOnClass did not find required class 'com.github.benmanes.caffeine.cache.Caffeine' (OnClassCondition)

   CouchbaseCacheConfiguration:
      Did not match:
         - @ConditionalOnClass did not find required class 'com.couchbase.client.java.Cluster' (OnClassCondition)

   ErrorMvcAutoConfiguration.DefaultErrorViewResolverConfiguration#conventionErrorViewResolver:
      Did not match:
         - @ConditionalOnBean (types: org.springframework.web.servlet.DispatcherServlet; SearchStrategy: all) did not find any beans of type org.springframework.web.servlet.DispatcherServlet (OnBeanCondition)

   FreeMarkerAutoConfiguration:
      Did not match:
         - @ConditionalOnClass did not find required class 'freemarker.template.Configuration' (OnClassCondition)

   GenericCacheConfiguration:
      Did not match:
         - Cache org.springframework.boot.autoconfigure.cache.GenericCacheConfiguration unknown cache type (CacheCondition)

   GroovyTemplateAutoConfiguration:
      Did not match:
         - @ConditionalOnClass did not find required class 'groovy.text.markup.MarkupTemplateEngine' (OnClassCondition)

   GsonAutoConfiguration:
      Did not match:
         - @ConditionalOnClass did not find required class 'com.google.gson.Gson' (OnClassCondition)

   GsonHttpMessageConvertersConfiguration:
      Did not match:
         - @ConditionalOnClass did not find required class 'com.google.gson.Gson' (OnClassCondition)

   HazelcastCacheConfiguration:
      Did not match:
         - @ConditionalOnClass did not find required class 'com.hazelcast.core.HazelcastInstance' (OnClassCondition)

   InfinispanCacheConfiguration:
      Did not match:
         - @ConditionalOnClass did not find required class 'org.infinispan.spring.embedded.provider.SpringEmbeddedCacheManager' (OnClassCondition)

   JCacheCacheConfiguration:
      Did not match:
         - @ConditionalOnClass did not find required class 'javax.cache.Caching' (OnClassCondition)

   JacksonHttpMessageConvertersConfiguration.MappingJackson2XmlHttpMessageConverterConfiguration:
      Did not match:
         - @ConditionalOnClass did not find required class 'com.fasterxml.jackson.dataformat.xml.XmlMapper' (OnClassCondition)

   JsonbAutoConfiguration:
      Did not match:
         - @ConditionalOnClass did not find required class 'jakarta.json.bind.Jsonb' (OnClassCondition)

   JsonbHttpMessageConvertersConfiguration:
      Did not match:
         - @ConditionalOnClass did not find required class 'jakarta.json.bind.Jsonb' (OnClassCondition)

   MessageSourceAutoConfiguration:
      Did not match:
         - ResourceBundle did not find bundle with basename messages (MessageSourceAutoConfiguration.ResourceBundleCondition)

   MockMvcAutoConfiguration.WebTestClientMockMvcConfiguration:
      Did not match:
         - @ConditionalOnClass did not find required class 'org.springframework.web.reactive.function.client.WebClient' (OnClassCondition)

   MockMvcSecurityConfiguration:
      Did not match:
         - @ConditionalOnClass did not find required class 'org.springframework.security.test.web.servlet.request.SecurityMockMvcRequestPostProcessors' (OnClassCondition)

   MockMvcWebClientAutoConfiguration:
      Did not match:
         - @ConditionalOnClass did not find required class 'com.gargoylesoftware.htmlunit.WebClient' (OnClassCondition)

   MockMvcWebDriverAutoConfiguration:
      Did not match:
         - @ConditionalOnClass did not find required class 'org.openqa.selenium.htmlunit.HtmlUnitDriver' (OnClassCondition)

   MustacheAutoConfiguration:
      Did not match:
         - @ConditionalOnClass did not find required class 'com.samskivert.mustache.Mustache' (OnClassCondition)

   OAuth2ClientAutoConfiguration:
      Did not match:
         - @ConditionalOnClass did not find required class 'org.springframework.security.config.annotation.web.configuration.EnableWebSecurity' (OnClassCondition)

   OAuth2ResourceServerAutoConfiguration:
      Did not match:
         - @ConditionalOnClass did not find required class 'org.springframework.security.oauth2.server.resource.authentication.BearerTokenAuthenticationToken' (OnClassCondition)

   RedisCacheConfiguration:
      Did not match:
         - @ConditionalOnClass did not find required class 'org.springframework.data.redis.connection.RedisConnectionFactory' (OnClassCondition)

   SecurityAutoConfiguration:
      Did not match:
         - @ConditionalOnClass did not find required class 'org.springframework.security.authentication.DefaultAuthenticationEventPublisher' (OnClassCondition)

   SecurityFilterAutoConfiguration:
      Did not match:
         - @ConditionalOnClass did not find required class 'org.springframework.security.config.http.SessionCreationPolicy' (OnClassCondition)

   SimpleCacheConfiguration:
      Did not match:
         - Cache org.springframework.boot.autoconfigure.cache.SimpleCacheConfiguration unknown cache type (CacheCondition)

   TaskExecutorConfigurations.SimpleAsyncTaskExecutorBuilderConfiguration#simpleAsyncTaskExecutorBuilderVirtualThreads:
      Did not match:
         - @ConditionalOnMissingBean (types: org.springframework.boot.task.SimpleAsyncTaskExecutorBuilder; SearchStrategy: all) found beans of type 'org.springframework.boot.task.SimpleAsyncTaskExecutorBuilder' simpleAsyncTaskExecutorBuilder (OnBeanCondition)

   TaskExecutorConfigurations.TaskExecutorConfiguration#applicationTaskExecutorVirtualThreads:
      Did not match:
         - @ConditionalOnThreading did not find VIRTUAL (OnThreadingCondition)

   ThymeleafAutoConfiguration:
      Did not match:
         - @ConditionalOnClass did not find required class 'org.thymeleaf.spring6.SpringTemplateEngine' (OnClassCondition)

   UserDetailsServiceAutoConfiguration:
      Did not match:
         - @ConditionalOnClass did not find required class 'org.springframework.security.authentication.AuthenticationManager' (OnClassCondition)

   ValidationAutoConfiguration:
      Did not match:
         - @ConditionalOnClass did not find required class 'jakarta.validation.executable.ExecutableValidator' (OnClassCondition)

   WebMvcAutoConfiguration#hiddenHttpMethodFilter:
      Did not match:
         - @ConditionalOnProperty (spring.mvc.hiddenmethod.filter.enabled) did not find property 'enabled' (OnPropertyCondition)

   WebMvcAutoConfiguration.ProblemDetailsErrorHandlingConfiguration:
      Did not match:
         - @ConditionalOnProperty (spring.mvc.problemdetails.enabled=true) did not find property 'enabled' (OnPropertyCondition)

   WebMvcAutoConfiguration.ResourceChainCustomizerConfiguration:
      Did not match:
         - @ConditionalOnEnabledResourceChain did not find class org.webjars.WebJarAssetLocator (OnEnabledResourceChainCondition)

   WebMvcAutoConfiguration.WebMvcAutoConfigurationAdapter#beanNameViewResolver:
      Did not match:
         - @ConditionalOnMissingBean (types: org.springframework.web.servlet.view.BeanNameViewResolver; SearchStrategy: all) found beans of type 'org.springframework.web.servlet.view.BeanNameViewResolver' beanNameViewResolver (OnBeanCondition)

   WebTestClientAutoConfiguration:
      Did not match:
         - @ConditionalOnClass did not find required class 'org.springframework.web.reactive.function.client.WebClient' (OnClassCondition)


Exclusions:
-----------

    None


Unconditional classes:
----------------------

    None



2024-04-30T01:23:35.143-04:00  INFO 17372 --- [publicacion] [           main] c.p.p.c.ComentarioControllerTest         : Started ComentarioControllerTest in 3.119 seconds (process running for 4.152)
2024-04-30T01:23:35.146-04:00 DEBUG 17372 --- [publicacion] [           main] o.s.boot.devtools.restart.Restarter      : Creating new Restarter for thread Thread[#1,main,5,main]
2024-04-30T01:23:35.148-04:00 DEBUG 17372 --- [publicacion] [           main] org.springframework.test.context.cache   : Spring test ApplicationContext cache statistics: [DefaultContextCache@74d22ddd size = 1, maxSize = 32, parentContextCount = 0, hitCount = 0, missCount = 1, failureCount = 0]
2024-04-30T01:23:35.149-04:00 DEBUG 17372 --- [publicacion] [           main] DependencyInjectionTestExecutionListener : Performing dependency injection for test class com.publicacion.publicacion.controllers.ComentarioControllerTest
2024-04-30T01:23:35.150-04:00 DEBUG 17372 --- [publicacion] [           main] org.springframework.test.context.cache   : Spring test ApplicationContext cache statistics: [DefaultContextCache@74d22ddd size = 1, maxSize = 32, parentContextCount = 0, hitCount = 1, missCount = 1, failureCount = 0]
2024-04-30T01:23:35.152-04:00 DEBUG 17372 --- [publicacion] [           main] org.springframework.test.context.cache   : Spring test ApplicationContext cache statistics: [DefaultContextCache@74d22ddd size = 1, maxSize = 32, parentContextCount = 0, hitCount = 2, missCount = 1, failureCount = 0]
2024-04-30T01:23:35.172-04:00 DEBUG 17372 --- [publicacion] [           main] sContextBeforeModesTestExecutionListener : Before test method: class [ComentarioControllerTest], method [testAddComentarioToPublicacion], class annotated with @DirtiesContext [false] with mode [null], method annotated with @DirtiesContext [false] with mode [null]
2024-04-30T01:23:35.180-04:00 DEBUG 17372 --- [publicacion] [           main] org.springframework.test.context.cache   : Spring test ApplicationContext cache statistics: [DefaultContextCache@74d22ddd size = 1, maxSize = 32, parentContextCount = 0, hitCount = 3, missCount = 1, failureCount = 0]
2024-04-30T01:23:35.181-04:00 DEBUG 17372 --- [publicacion] [           main] org.springframework.test.context.cache   : Spring test ApplicationContext cache statistics: [DefaultContextCache@74d22ddd size = 1, maxSize = 32, parentContextCount = 0, hitCount = 4, missCount = 1, failureCount = 0]
2024-04-30T01:23:35.185-04:00 DEBUG 17372 --- [publicacion] [           main] org.springframework.test.context.cache   : Spring test ApplicationContext cache statistics: [DefaultContextCache@74d22ddd size = 1, maxSize = 32, parentContextCount = 0, hitCount = 5, missCount = 1, failureCount = 0]
2024-04-30T01:23:35.288-04:00 DEBUG 17372 --- [publicacion] [           main] o.s.t.web.servlet.TestDispatcherServlet  : POST "/publicaciones/1/comentarios", parameters={}
2024-04-30T01:23:35.309-04:00 DEBUG 17372 --- [publicacion] [           main] s.w.s.m.m.a.RequestMappingHandlerMapping : Mapped to com.publicacion.publicacion.controllers.ComentarioController#addComentarioToPublicacion(Long, Comentario)
2024-04-30T01:23:35.416-04:00 DEBUG 17372 --- [publicacion] [           main] m.m.a.RequestResponseBodyMethodProcessor : Read "application/json;charset=UTF-8" to [com.publicacion.publicacion.models.Comentario@48b3b1b8]
2024-04-30T01:23:35.580-04:00 DEBUG 17372 --- [publicacion] [           main] o.s.w.s.m.m.a.HttpEntityMethodProcessor  : Using 'application/hal+json', given [*/*] and supported [application/hal+json, application/json, application/*+json]
2024-04-30T01:23:35.586-04:00 DEBUG 17372 --- [publicacion] [           main] o.s.w.s.m.m.a.HttpEntityMethodProcessor  : Writing [EntityModel { content: com.publicacion.publicacion.models.Comentario@5950054d, links: [<http://local (truncated)...]
2024-04-30T01:23:35.608-04:00 DEBUG 17372 --- [publicacion] [           main] o.s.t.web.servlet.TestDispatcherServlet  : Completed 200 OK
2024-04-30T01:23:35.644-04:00 DEBUG 17372 --- [publicacion] [           main] org.springframework.test.context.cache   : Spring test ApplicationContext cache statistics: [DefaultContextCache@74d22ddd size = 1, maxSize = 32, parentContextCount = 0, hitCount = 6, missCount = 1, failureCount = 0]
2024-04-30T01:23:35.645-04:00 DEBUG 17372 --- [publicacion] [           main] org.springframework.test.context.cache   : Spring test ApplicationContext cache statistics: [DefaultContextCache@74d22ddd size = 1, maxSize = 32, parentContextCount = 0, hitCount = 7, missCount = 1, failureCount = 0]
2024-04-30T01:23:35.645-04:00 DEBUG 17372 --- [publicacion] [           main] org.springframework.test.context.cache   : Spring test ApplicationContext cache statistics: [DefaultContextCache@74d22ddd size = 1, maxSize = 32, parentContextCount = 0, hitCount = 8, missCount = 1, failureCount = 0]
2024-04-30T01:23:35.645-04:00 DEBUG 17372 --- [publicacion] [           main] org.springframework.test.context.cache   : Spring test ApplicationContext cache statistics: [DefaultContextCache@74d22ddd size = 1, maxSize = 32, parentContextCount = 0, hitCount = 9, missCount = 1, failureCount = 0]
2024-04-30T01:23:35.647-04:00 DEBUG 17372 --- [publicacion] [           main] org.springframework.test.context.cache   : Spring test ApplicationContext cache statistics: [DefaultContextCache@74d22ddd size = 1, maxSize = 32, parentContextCount = 0, hitCount = 10, missCount = 1, failureCount = 0]
2024-04-30T01:23:35.648-04:00 DEBUG 17372 --- [publicacion] [           main] org.springframework.test.context.cache   : Spring test ApplicationContext cache statistics: [DefaultContextCache@74d22ddd size = 1, maxSize = 32, parentContextCount = 0, hitCount = 11, missCount = 1, failureCount = 0]
2024-04-30T01:23:35.648-04:00 DEBUG 17372 --- [publicacion] [           main] .c.s.DirtiesContextTestExecutionListener : After test method: class [ComentarioControllerTest], method [testAddComentarioToPublicacion], class annotated with @DirtiesContext [false] with mode [null], method annotated with @DirtiesContext [false] with mode [null]
]]></system-out>
    <system-err><![CDATA[WARNING: A Java agent has been loaded dynamically (C:\Users\equip\.m2\repository\net\bytebuddy\byte-buddy-agent\1.14.13\byte-buddy-agent-1.14.13.jar)
WARNING: If a serviceability tool is in use, please run with -XX:+EnableDynamicAgentLoading to hide this warning
WARNING: If a serviceability tool is not in use, please run with -Djdk.instrument.traceUsage for more information
WARNING: Dynamic loading of agents will be disallowed by default in a future release
]]></system-err>
  </testcase>
</testsuite>